2024/11/11 23:20:58 [notice] 1#1: using the "epoll" event method
2024/11/11 23:20:58 [notice] 1#1: nginx/1.27.2
2024/11/11 23:20:58 [notice] 1#1: built by gcc 12.2.0 (Debian 12.2.0-14) 
2024/11/11 23:20:58 [notice] 1#1: OS: Linux 5.15.0-125-generic
2024/11/11 23:20:58 [notice] 1#1: getrlimit(RLIMIT_NOFILE): 1048576:1048576
2024/11/11 23:20:58 [notice] 1#1: start worker processes
2024/11/11 23:20:58 [notice] 1#1: start worker process 28
2024/11/11 23:37:45 [notice] 1#1: signal 3 (SIGQUIT) received, shutting down
2024/11/11 23:37:45 [notice] 28#28: gracefully shutting down
2024/11/11 23:37:45 [notice] 28#28: exiting
2024/11/11 23:37:45 [notice] 28#28: exit
2024/11/11 23:37:45 [notice] 1#1: signal 17 (SIGCHLD) received from 28
2024/11/11 23:37:45 [notice] 1#1: worker process 28 exited with code 0
2024/11/11 23:37:45 [notice] 1#1: exit
2024/11/11 23:38:04 [notice] 1#1: using the "epoll" event method
2024/11/11 23:38:04 [notice] 1#1: nginx/1.27.2
2024/11/11 23:38:04 [notice] 1#1: built by gcc 12.2.0 (Debian 12.2.0-14) 
2024/11/11 23:38:04 [notice] 1#1: OS: Linux 5.15.0-125-generic
2024/11/11 23:38:04 [notice] 1#1: getrlimit(RLIMIT_NOFILE): 1048576:1048576
2024/11/11 23:38:04 [notice] 1#1: start worker processes
2024/11/11 23:38:04 [notice] 1#1: start worker process 29
2024/11/11 23:46:28 [notice] 1#1: signal 3 (SIGQUIT) received, shutting down
2024/11/11 23:46:28 [notice] 29#29: gracefully shutting down
2024/11/11 23:46:28 [notice] 29#29: exiting
2024/11/11 23:46:28 [notice] 29#29: exit
2024/11/11 23:46:28 [notice] 1#1: signal 17 (SIGCHLD) received from 29
2024/11/11 23:46:28 [notice] 1#1: worker process 29 exited with code 0
2024/11/11 23:46:28 [notice] 1#1: exit
2024/11/11 23:46:45 [notice] 1#1: using the "epoll" event method
2024/11/11 23:46:45 [notice] 1#1: nginx/1.27.2
2024/11/11 23:46:45 [notice] 1#1: built by gcc 12.2.0 (Debian 12.2.0-14) 
2024/11/11 23:46:45 [notice] 1#1: OS: Linux 5.15.0-125-generic
2024/11/11 23:46:45 [notice] 1#1: getrlimit(RLIMIT_NOFILE): 1048576:1048576
2024/11/11 23:46:45 [notice] 1#1: start worker processes
2024/11/11 23:46:45 [notice] 1#1: start worker process 29
2024/11/11 23:47:54 [notice] 1#1: signal 3 (SIGQUIT) received, shutting down
2024/11/11 23:47:54 [notice] 29#29: gracefully shutting down
2024/11/11 23:47:54 [notice] 29#29: exiting
2024/11/11 23:47:54 [notice] 29#29: exit
2024/11/11 23:47:54 [notice] 1#1: signal 17 (SIGCHLD) received from 29
2024/11/11 23:47:54 [notice] 1#1: worker process 29 exited with code 0
2024/11/11 23:47:54 [notice] 1#1: exit
2024/11/11 23:47:56 [notice] 1#1: using the "epoll" event method
2024/11/11 23:47:56 [notice] 1#1: nginx/1.27.2
2024/11/11 23:47:56 [notice] 1#1: built by gcc 12.2.0 (Debian 12.2.0-14) 
2024/11/11 23:47:56 [notice] 1#1: OS: Linux 5.15.0-125-generic
2024/11/11 23:47:56 [notice] 1#1: getrlimit(RLIMIT_NOFILE): 1048576:1048576
2024/11/11 23:47:56 [notice] 1#1: start worker processes
2024/11/11 23:47:56 [notice] 1#1: start worker process 22
2024/11/11 23:50:29 [notice] 1#1: signal 3 (SIGQUIT) received, shutting down
2024/11/11 23:50:29 [notice] 22#22: gracefully shutting down
2024/11/11 23:50:29 [notice] 22#22: exiting
2024/11/11 23:50:29 [notice] 22#22: exit
2024/11/11 23:50:29 [notice] 1#1: signal 17 (SIGCHLD) received from 22
2024/11/11 23:50:29 [notice] 1#1: worker process 22 exited with code 0
2024/11/11 23:50:29 [notice] 1#1: exit
2024/11/11 23:50:47 [notice] 1#1: using the "epoll" event method
2024/11/11 23:50:47 [notice] 1#1: nginx/1.27.2
2024/11/11 23:50:47 [notice] 1#1: built by gcc 12.2.0 (Debian 12.2.0-14) 
2024/11/11 23:50:47 [notice] 1#1: OS: Linux 5.15.0-125-generic
2024/11/11 23:50:47 [notice] 1#1: getrlimit(RLIMIT_NOFILE): 1048576:1048576
2024/11/11 23:50:47 [notice] 1#1: start worker processes
2024/11/11 23:50:47 [notice] 1#1: start worker process 29
